03-03-2023, 14:34; Добавить заметку;{'ID': 10, 'Заголовок': 'Заголовок12', 'Заметка': 'Фвыфывфы упквав кпвмывв цвцукуц', 'Дата': '2023-03-03, 14:34:14'}
03-03-2023, 14:36; Удалить заметку;[['8', 'Заголовок7', 'Ьььььььььььь', '2023-03-03, 13:01:33']]
03-03-2023, 14:37; Удалить заметку; До редактирования:[['7', 'Заголовок2', 'Ааааааааааааа', '2023-03-03, 12:58:04']]
03-03-2023, 14:37; Редактировать заметку; Новая редакция: ['7', 'Заголовок2', 'Ааааааааааааа', '2023-03-03, 12:58:04']
03-03-2023, 14:38; Удалить заметку; До редактирования:[['6', 'Заголовок6', 'Пппппппппп', '2023-03-03, 12:16:29']]
03-03-2023, 14:38; Редактировать заметку; Новая редакция: ['6', 'Заголовок6', 'Пппппппппп', '2023-03-03, 12:16:29']
03-03-2023, 15:59; Редактировать заметку: до редактирования:[['2', 'Заголовок3', 'кккккккккккккк', '2023-03-03, 12:03:55']], Новая редакция: ['2', 'Заголовок3', 'кккккккккккккк', '2023-03-03, 12:03:55']
03-03-2023, 16:01; Добавить заметку;{'ID': 7, 'Заголовок': 'Заголовок44', 'Заметка': 'Ыавыв драцуд цуа цу уц уца', 'Дата': '2023-03-03, 16:01:54'}
03-03-2023, 16:04; Редактировать заметку: до редактирования:[['8', 'Заголовок2', 'Ааааааааааааа', '2023-03-03, 14:37:06']], новая редакция: ['8', 'Заголовок2', 'Ааааааааааааа', '2023-03-03, 14:37:06']
04-03-2023, 09:51; Поиск;['7', 'Заголовок44', 'Ыавыв драцуд цуа цу уц уца', '2023-03-03, 16:01:54']
04-03-2023, 09:51; Показать все заметки
04-03-2023, 09:51; Показать все заметки
04-03-2023, 09:51; Показать все заметки
04-03-2023, 09:51; Показать все заметки
04-03-2023, 09:51; Показать все заметки
04-03-2023, 09:51; Показать все заметки
04-03-2023, 09:51; Показать все заметки
04-03-2023, 09:52; Показать все заметки
04-03-2023, 10:00; Добавить заметку;{'ID': 2, 'Заголовок': 'Заголовок1', 'Заметка': 'Ииииииииииииииииии', 'Дата': '2023-03-04, 10:00:09'}
04-03-2023, 10:03; Добавить заметку;{'ID': 0, 'Заголовок': 'Заголовок1', 'Заметка': 'Йййййййййййййййййййййййййййййй', 'Дата': '2023-03-04, 10:03:01'}
04-03-2023, 10:03; Добавить заметку;{'ID': 1, 'Заголовок': 'Заголовок2', 'Заметка': 'Цццццццццццццццццццц', 'Дата': '2023-03-04, 10:03:15'}
04-03-2023, 10:03; Добавить заметку;{'ID': 2, 'Заголовок': 'Заголовок3', 'Заметка': 'Уууууууууууууууууууу', 'Дата': '2023-03-04, 10:03:31'}
04-03-2023, 10:03; Добавить заметку;{'ID': 3, 'Заголовок': 'Заголовок4', 'Заметка': 'Ккккккккккккккккккккккккккк', 'Дата': '2023-03-04, 10:03:57'}
04-03-2023, 10:04; Добавить заметку;{'ID': 4, 'Заголовок': 'Заголовок2', 'Заметка': 'Ффффффффффффффффффффффф', 'Дата': '2023-03-04, 10:04:12'}
04-03-2023, 10:04; Добавить заметку;{'ID': 5, 'Заголовок': 'Заголовок5', 'Заметка': 'Ыыыыыыыыыыыыыыыыыыыыыыыыыыыыыы', 'Дата': '2023-03-04, 10:04:32'}
04-03-2023, 10:05; Добавить заметку;{'ID': 6, 'Заголовок': 'Заголовок6', 'Заметка': 'Вввввввввввввввввввввв', 'Дата': '2023-03-04, 10:05:04'}
04-03-2023, 10:05; Поиск;[['3', 'Заголовок4', 'Ккккккккккккккккккккккккккк', '2023-03-04, 10:03:57']]
04-03-2023, 10:05; Удалить заметку;[['3', 'Заголовок4', 'Ккккккккккккккккккккккккккк', '2023-03-04, 10:03:57']]
04-03-2023, 10:05; Поиск;[['5', 'Заголовок5', 'Ыыыыыыыыыыыыыыыыыыыыыыыыыыыыыы', '2023-03-04, 10:04:32']]
04-03-2023, 10:06; Редактировать заметку: до редактирования:[['5', 'Заголовок5', 'Ыыыыыыыыыыыыыыыыыыыыыыыыыыыыыы', '2023-03-04, 10:04:32']], новая редакция: ['5', 'Заголовок5', 'Ыыыыыыыыыыыыыыыыыыыыыыыыыыыыыы', '2023-03-04, 10:04:32']
04-03-2023, 10:06; Поиск;[['6', 'Заголовок6', 'Вввввввввввввввввввввв', '2023-03-04, 10:05:04']]
04-03-2023, 10:07; Показать все заметки
04-03-2023, 10:11; Поиск;[['1', 'Заголовок2', 'Цццццццццццццццццццц', '2023-03-04, 10:03:15']]
04-03-2023, 10:12; Редактировать заметку: до редактирования:[['1', 'Заголовок2', 'Цццццццццццццццццццц', '2023-03-04, 10:03:15']], новая редакция: ['1', 'Заголовок2', 'Цццццццццццццццццццц', '2023-03-04, 10:03:15']
04-03-2023, 10:15; Добавить заметку;{'ID': 9, 'Заголовок': 'Заголовок3', 'Заметка': 'Ииииииииииииииииииииииииииии', 'Дата': '2023-03-04, 10:15:01'}
04-03-2023, 10:15; Поиск;['9', 'Заголовок3', 'Ииииииииииииииииииииииииииии', '2023-03-04, 10:15:01']
04-03-2023, 10:15; Поиск;['2', 'Заголовок3', 'Уууууууууууууууууууу', '2023-03-04, 10:03:31']
04-03-2023, 10:43; Поиск;['9', 'Заголовок3', 'Ииииииииииииииииииииииииииии', '2023-03-04, 10:15:01']
04-03-2023, 10:45; Поиск;['2', 'Заголовок3', 'Уууууууууууууууууууу', '2023-03-04, 10:03:31']
04-03-2023, 10:45; Поиск;[['0', 'Заголовок1', 'Йййййййййййййййййййййййййййййй', '2023-03-04, 10:03:01']]
04-03-2023, 10:46; Поиск;[['0', 'Заголовок1', 'Йййййййййййййййййййййййййййййй', '2023-03-04, 10:03:01']]
04-03-2023, 10:46; Удалить заметку;[['0', 'Заголовок1', 'Йййййййййййййййййййййййййййййй', '2023-03-04, 10:03:01']]
04-03-2023, 10:47; Поиск;['9', 'Заголовок3', 'Ииииииииииииииииииииииииииии', '2023-03-04, 10:15:01']
04-03-2023, 10:48; Поиск;['9', 'Заголовок3', 'Ииииииииииииииииииииииииииии', '2023-03-04, 10:15:01']
04-03-2023, 10:51; Поиск;['9', 'Заголовок3', 'Ииииииииииииииииииииииииииии', '2023-03-04, 10:15:01']
04-03-2023, 11:06; Поиск;[['8', 'Заголовок88', 'Цццццццццццццццццццц', '2023-03-04, 10:12:05']]
04-03-2023, 11:06; Удалить заметку;[['8', 'Заголовок88', 'Цццццццццццццццццццц', '2023-03-04, 10:12:05']]
04-03-2023, 11:08; Поиск;[['4', 'Заголовок2', 'Ффффффффффффффффффффффф', '2023-03-04, 10:04:12']]
04-03-2023, 11:11; Добавить заметку;{'ID': 2, 'Заголовок': 'Заголовок1', 'Заметка': 'Ййййййййййййй', 'Дата': '2023-03-04, 11:11:16'}
04-03-2023, 11:11; Добавить заметку;{'ID': 4, 'Заголовок': 'Заголовок2', 'Заметка': 'Ццццццццццццц', 'Дата': '2023-03-04, 11:11:27'}
04-03-2023, 11:11; Добавить заметку;{'ID': 4, 'Заголовок': 'Заголовок3', 'Заметка': 'Уууууууууууууууу', 'Дата': '2023-03-04, 11:11:36'}
04-03-2023, 11:11; Добавить заметку;{'ID': 6, 'Заголовок': 'Заголовок4', 'Заметка': 'Ккккккккккк', 'Дата': '2023-03-04, 11:11:50'}
04-03-2023, 11:12; Добавить заметку;{'ID': 6, 'Заголовок': 'Заголовок4', 'Заметка': 'Аааа', 'Дата': '2023-03-04, 11:12:11'}
04-03-2023, 11:12; Добавить заметку;{'ID': 1, 'Заголовок': 'Заголовок1', 'Заметка': 'Ййййййййй', 'Дата': '2023-03-04, 11:12:53'}
04-03-2023, 11:13; Добавить заметку;{'ID': 2, 'Заголовок': 'Заголовок2', 'Заметка': 'Цццццццццц', 'Дата': '2023-03-04, 11:13:14'}
04-03-2023, 11:13; Добавить заметку;{'ID': 3, 'Заголовок': 'Заголовок3', 'Заметка': 'Уууууууууууу', 'Дата': '2023-03-04, 11:13:25'}
04-03-2023, 11:13; Добавить заметку;{'ID': 4, 'Заголовок': 'Заголовок4', 'Заметка': 'Ккккккккккк', 'Дата': '2023-03-04, 11:13:35'}
04-03-2023, 11:13; Добавить заметку;{'ID': 5, 'Заголовок': 'Заголовок2', 'Заметка': 'Ффффффффф', 'Дата': '2023-03-04, 11:13:54'}
04-03-2023, 11:14; Добавить заметку;{'ID': 6, 'Заголовок': 'Заголовок5', 'Заметка': 'Ыыыыыыыыыы', 'Дата': '2023-03-04, 11:14:18'}
04-03-2023, 11:14; Добавить заметку;{'ID': 7, 'Заголовок': 'Заголовок6', 'Заметка': 'Вввввввввввввввв', 'Дата': '2023-03-04, 11:14:30'}
04-03-2023, 11:14; Добавить заметку;{'ID': 8, 'Заголовок': 'Заголовок7', 'Заметка': 'Аааааааааа', 'Дата': '2023-03-04, 11:14:45'}
04-03-2023, 11:15; Добавить заметку;{'ID': 9, 'Заголовок': 'Заголовок7', 'Заметка': 'Ппппппппппп', 'Дата': '2023-03-04, 11:15:01'}
04-03-2023, 11:15; Добавить заметку;{'ID': 10, 'Заголовок': 'Заголовок9', 'Заметка': 'Яяяяяяяяяяя', 'Дата': '2023-03-04, 11:15:13'}
04-03-2023, 11:15; Добавить заметку;{'ID': 11, 'Заголовок': 'Заголовок10', 'Заметка': 'Чччччччччччччч', 'Дата': '2023-03-04, 11:15:42'}
04-03-2023, 11:16; Поиск;[['3', 'Заголовок3', 'Уууууууууууу', '2023-03-04, 11:13:25']]
04-03-2023, 11:16; Удалить заметку;[['3', 'Заголовок3', 'Уууууууууууу', '2023-03-04, 11:13:25']]
04-03-2023, 11:16; Добавить заметку;{'ID': 12, 'Заголовок': 'Заголовок11', 'Заметка': 'Сссссссссссс', 'Дата': '2023-03-04, 11:16:31'}
04-03-2023, 11:17; Поиск;[['6', 'Заголовок5', 'Ыыыыыыыыыы', '2023-03-04, 11:14:18']]
04-03-2023, 11:17; Редактировать заметку: до редактирования:[['6', 'Заголовок5', 'Ыыыыыыыыыы', '2023-03-04, 11:14:18']], новая редакция: ['6', 'Заголовок5', 'Ыыыыыыыыыы', '2023-03-04, 11:14:18']
04-03-2023, 11:17; Добавить заметку;{'ID': 14, 'Заголовок': 'Заголовок12', 'Заметка': 'Мммммммммммм', 'Дата': '2023-03-04, 11:17:52'}
04-03-2023, 11:34; Поиск;['9', 'Заголовок7', 'Ппппппппппп', '2023-03-04, 11:15:01']
04-03-2023, 11:34; Удалить заметку;[['9', 'Заголовок7', 'Ппппппппппп', '2023-03-04, 11:15:01']]
04-03-2023, 11:39; Поиск;['2', 'Заголовок2', 'Цццццццццц', '2023-03-04, 11:13:14']
04-03-2023, 11:39; Редактировать заметку: до редактирования:[['2', 'Заголовок2', 'Цццццццццц', '2023-03-04, 11:13:14'], ['5', 'Заголовок2', 'Ффффффффф', '2023-03-04, 11:13:54']], новая редакция: ['2', 'Заголовок2', 'Цццццццццц', '2023-03-04, 11:13:14']
04-03-2023, 11:40; Поиск;['13', 'Заголовок55', 'Ыыыыыыыыыы', '2023-03-04, 11:17:33']
04-03-2023, 11:40; Удалить заметку;[['13', 'Заголовок55', 'Ыыыыыыыыыы', '2023-03-04, 11:17:33'], ['14', 'Заголовок12', 'Мммммммммммм', '2023-03-04, 11:17:52'], ['15', 'Заголовок22', 'Цццццццццц', '2023-03-04, 11:39:36']]
04-03-2023, 11:41; Поиск;['10', 'Заголовок9', 'Яяяяяяяяяяя', '2023-03-04, 11:15:13']
04-03-2023, 11:41; Добавить заметку;{'ID': 13, 'Заголовок': 'Заголовок3', 'Заметка': 'Ььььььььь', 'Дата': '2023-03-04, 11:41:54'}
04-03-2023, 11:45; Поиск;['14', 'Заголовок12', 'Мммммммммммм', '2023-03-04, 11:17:52']
04-03-2023, 11:45; Удалить заметку;[['14', 'Заголовок12', 'Мммммммммммм', '2023-03-04, 11:17:52'], ['15', 'Заголовок22', 'Цццццццццц', '2023-03-04, 11:39:36'], ['13', 'Заголовок3', 'Ььььььььь', '2023-03-04, 11:41:54']]
04-03-2023, 11:45; Поиск;[]
04-03-2023, 11:45; Редактировать заметку;[]; Нет данных
04-03-2023, 11:46; Поиск;[['13', 'Заголовок3', 'Ььььььььь', '2023-03-04, 11:41:54']]
04-03-2023, 11:46; Редактировать заметку: до редактирования:[['13', 'Заголовок3', 'Ььььььььь', '2023-03-04, 11:41:54']], новая редакция: ['13', 'Заголовок3', 'Ььььььььь', '2023-03-04, 11:41:54']
